<?xml version="1.0" encoding="UTF-8"?>
<!-- Generated by org.testng.reporters.JUnitXMLReporter -->
<testsuite ignored="0" hostname="LAPTOP-G0MP1LNB" failures="1" tests="7" name="Test" time="13.76" errors="0" timestamp="2025-04-19T09:06:25 IST">
  <testcase classname="login.creds" name="openURL" time="0.624"/>
  <testcase classname="login.creds" name="Credentials" time="0.317"/>
  <testcase classname="login.creds" name="submit" time="0.1"/>
  <testcase classname="createlead.leads" name="login" time="0.248"/>
  <testcase classname="createlead.leads" name="createlead" time="6.137"/>
  <testcase classname="createlead.leads" name="createlead" time="1.236"/>
  <testcase classname="createlead.leads" name="createlead" time="1.775">
    <failure type="org.openqa.selenium.ElementClickInterceptedException" message="element click intercepted: Element &amp;lt;button class=&amp;quot;flex items-center gap-2 px-4 h-8 justify-center rounded-md bg-[#0176D3] p-1 text-sm font-normal leading-6 text-white&amp;quot;&amp;gt;...&amp;lt;/button&amp;gt; is not clickable at point (1295, 122). Other element would receive the click: &amp;lt;div&amp;gt;...&amp;lt;/div&amp;gt;
  (Session info: chrome=135.0.7049.85)
Build info: version: &amp;apos;4.25.0&amp;apos;, revision: &amp;apos;030fcf7918&amp;apos;
System info: os.name: &amp;apos;Windows 11&amp;apos;, os.arch: &amp;apos;amd64&amp;apos;, os.version: &amp;apos;10.0&amp;apos;, java.version: &amp;apos;19.0.2&amp;apos;
Driver info: org.openqa.selenium.chrome.ChromeDriver
Command: [097cdc1f47abf423d6d945b2fbae73e5, clickElement {id=f.B817109DC8EEE8A13E448997142AED06.d.C322D65A9D9B80ED6609328B4343B40E.e.31}]
Capabilities {acceptInsecureCerts: false, browserName: chrome, browserVersion: 135.0.7049.85, chrome: {chromedriverVersion: 135.0.7049.95 (de2eb485a195..., userDataDir: C:\Users\mayno\AppData\Loca...}, fedcm:accounts: true, goog:chromeOptions: {debuggerAddress: localhost:49702}, networkConnectionEnabled: false, pageLoadStrategy: normal, platformName: windows, proxy: Proxy(), se:cdp: ws://localhost:49702/devtoo..., se:cdpVersion: 135.0.7049.85, setWindowRect: true, strictFileInteractability: false, timeouts: {implicit: 0, pageLoad: 300000, script: 30000}, unhandledPromptBehavior: dismiss and notify, webauthn:extension:credBlob: true, webauthn:extension:largeBlob: true, webauthn:extension:minPinLength: true, webauthn:extension:prf: true, webauthn:virtualAuthenticators: true}
Element: [[ChromeDriver: chrome on windows (097cdc1f47abf423d6d945b2fbae73e5)] -&amp;gt; xpath: //button[text()=&amp;apos;Create Lead&amp;apos;]]
Session ID: 097cdc1f47abf423d6d945b2fbae73e5">
      <![CDATA[org.openqa.selenium.ElementClickInterceptedException: element click intercepted: Element <button class="flex items-center gap-2 px-4 h-8 justify-center rounded-md bg-[#0176D3] p-1 text-sm font-normal leading-6 text-white">...</button> is not clickable at point (1295, 122). Other element would receive the click: <div>...</div>
  (Session info: chrome=135.0.7049.85)
Build info: version: '4.25.0', revision: '030fcf7918'
System info: os.name: 'Windows 11', os.arch: 'amd64', os.version: '10.0', java.version: '19.0.2'
Driver info: org.openqa.selenium.chrome.ChromeDriver
Command: [097cdc1f47abf423d6d945b2fbae73e5, clickElement {id=f.B817109DC8EEE8A13E448997142AED06.d.C322D65A9D9B80ED6609328B4343B40E.e.31}]
Capabilities {acceptInsecureCerts: false, browserName: chrome, browserVersion: 135.0.7049.85, chrome: {chromedriverVersion: 135.0.7049.95 (de2eb485a195..., userDataDir: C:\Users\mayno\AppData\Loca...}, fedcm:accounts: true, goog:chromeOptions: {debuggerAddress: localhost:49702}, networkConnectionEnabled: false, pageLoadStrategy: normal, platformName: windows, proxy: Proxy(), se:cdp: ws://localhost:49702/devtoo..., se:cdpVersion: 135.0.7049.85, setWindowRect: true, strictFileInteractability: false, timeouts: {implicit: 0, pageLoad: 300000, script: 30000}, unhandledPromptBehavior: dismiss and notify, webauthn:extension:credBlob: true, webauthn:extension:largeBlob: true, webauthn:extension:minPinLength: true, webauthn:extension:prf: true, webauthn:virtualAuthenticators: true}
Element: [[ChromeDriver: chrome on windows (097cdc1f47abf423d6d945b2fbae73e5)] -> xpath: //button[text()='Create Lead']]
Session ID: 097cdc1f47abf423d6d945b2fbae73e5
at org.openqa.selenium.remote.ErrorCodec.decode(ErrorCodec.java:167)
at org.openqa.selenium.remote.codec.w3c.W3CHttpResponseCodec.decode(W3CHttpResponseCodec.java:138)
at org.openqa.selenium.remote.codec.w3c.W3CHttpResponseCodec.decode(W3CHttpResponseCodec.java:50)
at org.openqa.selenium.remote.HttpCommandExecutor.execute(HttpCommandExecutor.java:190)
at org.openqa.selenium.remote.service.DriverCommandExecutor.invokeExecute(DriverCommandExecutor.java:216)
at org.openqa.selenium.remote.service.DriverCommandExecutor.execute(DriverCommandExecutor.java:174)
at org.openqa.selenium.remote.RemoteWebDriver.execute(RemoteWebDriver.java:545)
at org.openqa.selenium.remote.RemoteWebElement.execute(RemoteWebElement.java:223)
at org.openqa.selenium.remote.RemoteWebElement.click(RemoteWebElement.java:76)
at createlead.leads.createlead(leads.java:55)
at java.base/java.util.ArrayList.forEach(ArrayList.java:1511)
... Removed 28 stack frames]]>
    </failure>
  </testcase> <!-- createlead -->
</testsuite> <!-- Test -->
